<?xml version="1.0" ?>
<testsuite errors="0" failures="0" name="deployment_unittest.DeplymentUnittest-20190614060148" tests="1" time="0.144">
	<testcase classname="deployment_unittest.DeplymentUnittest" name="test_sample_deployment" time="0.144"/>
	<system-out>
<![CDATA[]]>	</system-out>
	<system-err>
<![CDATA[]]>	</system-err>
</testsuite>
