<?xml version="1.0" ?>
<testsuite errors="0" failures="0" name="serviceaccount_unittest.ServiceaccountUnittest-20190614060148" tests="1" time="0.032">
	<testcase classname="serviceaccount_unittest.ServiceaccountUnittest" name="test_sample_serviceaccount" time="0.032"/>
	<system-out>
<![CDATA[]]>	</system-out>
	<system-err>
<![CDATA[]]>	</system-err>
</testsuite>
